{"D:\\РАБОТА IT\\goldenkovvitali-RS2020Q1\\MovieSearch\\src\\js\\getRating.js": {"path":"D:\\РАБОТА IT\\goldenkovvitali-RS2020Q1\\MovieSearch\\src\\js\\getRating.js","statementMap":{"0":{"start":{"line":3,"column":14},"end":{"line":3,"column":80}},"1":{"start":{"line":4,"column":14},"end":{"line":4,"column":30}},"2":{"start":{"line":5,"column":15},"end":{"line":5,"column":31}},"3":{"start":{"line":6,"column":2},"end":{"line":6,"column":25}}},"fnMap":{"0":{"name":"getRating","decl":{"start":{"line":2,"column":30},"end":{"line":2,"column":39}},"loc":{"start":{"line":2,"column":53},"end":{"line":7,"column":1}},"line":2}},"branchMap":{},"s":{"0":0,"1":0,"2":0,"3":0},"f":{"0":0},"b":{},"_coverageSchema":"1a1c01bbd47fc00a2c39e90264f33305004495a9","hash":"b654c1c19bf27bf9d072cd0c44d9969a623b6980"}
,"D:\\РАБОТА IT\\goldenkovvitali-RS2020Q1\\MovieSearch\\src\\js\\hasRussianLetter.js": {"path":"D:\\РАБОТА IT\\goldenkovvitali-RS2020Q1\\MovieSearch\\src\\js\\hasRussianLetter.js","statementMap":{"0":{"start":{"line":4,"column":2},"end":{"line":6,"column":3}},"1":{"start":{"line":5,"column":4},"end":{"line":5,"column":16}},"2":{"start":{"line":7,"column":2},"end":{"line":7,"column":15}}},"fnMap":{"0":{"name":"hasRussianLetter","decl":{"start":{"line":3,"column":24},"end":{"line":3,"column":40}},"loc":{"start":{"line":3,"column":47},"end":{"line":8,"column":1}},"line":3}},"branchMap":{"0":{"loc":{"start":{"line":4,"column":2},"end":{"line":6,"column":3}},"type":"if","locations":[{"start":{"line":4,"column":2},"end":{"line":6,"column":3}},{"start":{"line":4,"column":2},"end":{"line":6,"column":3}}],"line":4},"1":{"loc":{"start":{"line":4,"column":6},"end":{"line":4,"column":52}},"type":"binary-expr","locations":[{"start":{"line":4,"column":6},"end":{"line":4,"column":28}},{"start":{"line":4,"column":32},"end":{"line":4,"column":52}}],"line":4}},"s":{"0":3,"1":1,"2":2},"f":{"0":3},"b":{"0":[1,2],"1":[3,1]},"_coverageSchema":"1a1c01bbd47fc00a2c39e90264f33305004495a9","hash":"9cf9039eae95467464bb2f411fcf52b7b8deeed6"}
,"D:\\РАБОТА IT\\goldenkovvitali-RS2020Q1\\MovieSearch\\src\\js\\slides.js": {"path":"D:\\РАБОТА IT\\goldenkovvitali-RS2020Q1\\MovieSearch\\src\\js\\slides.js","statementMap":{"0":{"start":{"line":5,"column":16},"end":{"line":5,"column":50}},"1":{"start":{"line":6,"column":14},"end":{"line":6,"column":35}},"2":{"start":{"line":9,"column":2},"end":{"line":9,"column":34}},"3":{"start":{"line":10,"column":2},"end":{"line":10,"column":49}},"4":{"start":{"line":11,"column":14},"end":{"line":11,"column":87}},"5":{"start":{"line":12,"column":14},"end":{"line":12,"column":30}},"6":{"start":{"line":13,"column":15},"end":{"line":13,"column":31}},"7":{"start":{"line":14,"column":2},"end":{"line":31,"column":3}},"8":{"start":{"line":15,"column":17},"end":{"line":15,"column":62}},"9":{"start":{"line":15,"column":43},"end":{"line":15,"column":61}},"10":{"start":{"line":16,"column":4},"end":{"line":16,"column":28}},"11":{"start":{"line":17,"column":4},"end":{"line":17,"column":29}},"12":{"start":{"line":18,"column":4},"end":{"line":18,"column":78}},"13":{"start":{"line":18,"column":27},"end":{"line":18,"column":76}},"14":{"start":{"line":18,"column":49},"end":{"line":18,"column":75}},"15":{"start":{"line":19,"column":4},"end":{"line":19,"column":80}},"16":{"start":{"line":21,"column":4},"end":{"line":21,"column":71}},"17":{"start":{"line":22,"column":4},"end":{"line":24,"column":5}},"18":{"start":{"line":23,"column":6},"end":{"line":23,"column":77}},"19":{"start":{"line":25,"column":4},"end":{"line":27,"column":5}},"20":{"start":{"line":26,"column":6},"end":{"line":26,"column":99}},"21":{"start":{"line":28,"column":4},"end":{"line":30,"column":5}},"22":{"start":{"line":29,"column":6},"end":{"line":29,"column":85}},"23":{"start":{"line":32,"column":2},"end":{"line":32,"column":33}},"24":{"start":{"line":35,"column":0},"end":{"line":42,"column":5}},"25":{"start":{"line":36,"column":2},"end":{"line":41,"column":3}},"26":{"start":{"line":37,"column":4},"end":{"line":37,"column":27}},"27":{"start":{"line":39,"column":4},"end":{"line":39,"column":87}},"28":{"start":{"line":40,"column":4},"end":{"line":40,"column":47}},"29":{"start":{"line":44,"column":0},"end":{"line":44,"column":26}}},"fnMap":{"0":{"name":"getMovieSlides","decl":{"start":{"line":8,"column":30},"end":{"line":8,"column":44}},"loc":{"start":{"line":8,"column":56},"end":{"line":33,"column":1}},"line":8},"1":{"name":"(anonymous_1)","decl":{"start":{"line":15,"column":33},"end":{"line":15,"column":34}},"loc":{"start":{"line":15,"column":43},"end":{"line":15,"column":61}},"line":15},"2":{"name":"(anonymous_2)","decl":{"start":{"line":18,"column":17},"end":{"line":18,"column":18}},"loc":{"start":{"line":18,"column":27},"end":{"line":18,"column":76}},"line":18},"3":{"name":"(anonymous_3)","decl":{"start":{"line":18,"column":37},"end":{"line":18,"column":38}},"loc":{"start":{"line":18,"column":49},"end":{"line":18,"column":75}},"line":18},"4":{"name":"check","decl":{"start":{"line":35,"column":16},"end":{"line":35,"column":21}},"loc":{"start":{"line":35,"column":24},"end":{"line":42,"column":1}},"line":35}},"branchMap":{"0":{"loc":{"start":{"line":14,"column":2},"end":{"line":31,"column":3}},"type":"if","locations":[{"start":{"line":14,"column":2},"end":{"line":31,"column":3}},{"start":{"line":14,"column":2},"end":{"line":31,"column":3}}],"line":14},"1":{"loc":{"start":{"line":22,"column":4},"end":{"line":24,"column":5}},"type":"if","locations":[{"start":{"line":22,"column":4},"end":{"line":24,"column":5}},{"start":{"line":22,"column":4},"end":{"line":24,"column":5}}],"line":22},"2":{"loc":{"start":{"line":25,"column":4},"end":{"line":27,"column":5}},"type":"if","locations":[{"start":{"line":25,"column":4},"end":{"line":27,"column":5}},{"start":{"line":25,"column":4},"end":{"line":27,"column":5}}],"line":25},"3":{"loc":{"start":{"line":28,"column":4},"end":{"line":30,"column":5}},"type":"if","locations":[{"start":{"line":28,"column":4},"end":{"line":30,"column":5}},{"start":{"line":28,"column":4},"end":{"line":30,"column":5}}],"line":28}},"s":{"0":1,"1":1,"2":3,"3":0,"4":0,"5":0,"6":0,"7":0,"8":0,"9":0,"10":0,"11":0,"12":0,"13":0,"14":0,"15":0,"16":0,"17":0,"18":0,"19":0,"20":0,"21":0,"22":0,"23":0,"24":1,"25":1,"26":1,"27":1,"28":0,"29":1},"f":{"0":3,"1":0,"2":0,"3":0,"4":1},"b":{"0":[0,0],"1":[0,0],"2":[0,0],"3":[0,0]},"_coverageSchema":"1a1c01bbd47fc00a2c39e90264f33305004495a9","hash":"62cef258340a5e7ce853b318c1099b3e5fb6343a"}
,"D:\\РАБОТА IT\\goldenkovvitali-RS2020Q1\\MovieSearch\\src\\js\\swiper.js": {"path":"D:\\РАБОТА IT\\goldenkovvitali-RS2020Q1\\MovieSearch\\src\\js\\swiper.js","statementMap":{"0":{"start":{"line":3,"column":15},"end":{"line":31,"column":2}}},"fnMap":{},"branchMap":{},"s":{"0":1},"f":{},"b":{},"_coverageSchema":"1a1c01bbd47fc00a2c39e90264f33305004495a9","hash":"b39eed40d714e212d088c9368e1fa6871a78e1b9"}
,"D:\\РАБОТА IT\\goldenkovvitali-RS2020Q1\\MovieSearch\\src\\js\\toslide.js": {"path":"D:\\РАБОТА IT\\goldenkovvitali-RS2020Q1\\MovieSearch\\src\\js\\toslide.js","statementMap":{"0":{"start":{"line":4,"column":16},"end":{"line":44,"column":1}},"1":{"start":{"line":5,"column":15},"end":{"line":5,"column":44}},"2":{"start":{"line":6,"column":19},"end":{"line":6,"column":46}},"3":{"start":{"line":7,"column":20},"end":{"line":7,"column":49}},"4":{"start":{"line":8,"column":21},"end":{"line":8,"column":50}},"5":{"start":{"line":9,"column":19},"end":{"line":9,"column":48}},"6":{"start":{"line":10,"column":21},"end":{"line":10,"column":51}},"7":{"start":{"line":11,"column":2},"end":{"line":11,"column":29}},"8":{"start":{"line":12,"column":2},"end":{"line":12,"column":37}},"9":{"start":{"line":13,"column":2},"end":{"line":13,"column":40}},"10":{"start":{"line":15,"column":2},"end":{"line":15,"column":75}},"11":{"start":{"line":16,"column":2},"end":{"line":16,"column":29}},"12":{"start":{"line":17,"column":2},"end":{"line":17,"column":34}},"13":{"start":{"line":18,"column":2},"end":{"line":18,"column":50}},"14":{"start":{"line":19,"column":2},"end":{"line":19,"column":39}},"15":{"start":{"line":20,"column":2},"end":{"line":20,"column":27}},"16":{"start":{"line":21,"column":2},"end":{"line":32,"column":3}},"17":{"start":{"line":22,"column":4},"end":{"line":27,"column":5}},"18":{"start":{"line":23,"column":6},"end":{"line":23,"column":45}},"19":{"start":{"line":25,"column":6},"end":{"line":25,"column":31}},"20":{"start":{"line":26,"column":6},"end":{"line":26,"column":34}},"21":{"start":{"line":29,"column":4},"end":{"line":29,"column":43}},"22":{"start":{"line":30,"column":4},"end":{"line":30,"column":83}},"23":{"start":{"line":31,"column":4},"end":{"line":31,"column":61}},"24":{"start":{"line":34,"column":2},"end":{"line":34,"column":42}},"25":{"start":{"line":35,"column":2},"end":{"line":35,"column":35}},"26":{"start":{"line":36,"column":2},"end":{"line":36,"column":38}},"27":{"start":{"line":37,"column":2},"end":{"line":37,"column":59}},"28":{"start":{"line":38,"column":2},"end":{"line":38,"column":30}},"29":{"start":{"line":39,"column":2},"end":{"line":39,"column":24}},"30":{"start":{"line":40,"column":2},"end":{"line":40,"column":25}},"31":{"start":{"line":41,"column":2},"end":{"line":41,"column":26}},"32":{"start":{"line":42,"column":2},"end":{"line":42,"column":24}},"33":{"start":{"line":43,"column":2},"end":{"line":43,"column":14}}},"fnMap":{"0":{"name":"(anonymous_0)","decl":{"start":{"line":4,"column":16},"end":{"line":4,"column":17}},"loc":{"start":{"line":4,"column":37},"end":{"line":44,"column":1}},"line":4}},"branchMap":{"0":{"loc":{"start":{"line":22,"column":4},"end":{"line":27,"column":5}},"type":"if","locations":[{"start":{"line":22,"column":4},"end":{"line":27,"column":5}},{"start":{"line":22,"column":4},"end":{"line":27,"column":5}}],"line":22}},"s":{"0":1,"1":0,"2":0,"3":0,"4":0,"5":0,"6":0,"7":0,"8":0,"9":0,"10":0,"11":0,"12":0,"13":0,"14":0,"15":0,"16":0,"17":0,"18":0,"19":0,"20":0,"21":0,"22":0,"23":0,"24":0,"25":0,"26":0,"27":0,"28":0,"29":0,"30":0,"31":0,"32":0,"33":0},"f":{"0":0},"b":{"0":[0,0]},"_coverageSchema":"1a1c01bbd47fc00a2c39e90264f33305004495a9","hash":"e03712289d16780503a37f5da379e232163588e1"}
,"D:\\РАБОТА IT\\goldenkovvitali-RS2020Q1\\MovieSearch\\src\\js\\variables.js": {"path":"D:\\РАБОТА IT\\goldenkovvitali-RS2020Q1\\MovieSearch\\src\\js\\variables.js","statementMap":{"0":{"start":{"line":1,"column":24},"end":{"line":1,"column":33}},"1":{"start":{"line":2,"column":27},"end":{"line":2,"column":36}},"2":{"start":{"line":3,"column":21},"end":{"line":3,"column":60}},"3":{"start":{"line":4,"column":22},"end":{"line":4,"column":59}},"4":{"start":{"line":5,"column":21},"end":{"line":5,"column":60}},"5":{"start":{"line":6,"column":24},"end":{"line":6,"column":59}},"6":{"start":{"line":7,"column":20},"end":{"line":7,"column":51}},"7":{"start":{"line":8,"column":19},"end":{"line":8,"column":29}},"8":{"start":{"line":9,"column":28},"end":{"line":9,"column":73}}},"fnMap":{},"branchMap":{},"s":{"0":2,"1":2,"2":2,"3":2,"4":2,"5":2,"6":2,"7":2,"8":2},"f":{},"b":{},"_coverageSchema":"1a1c01bbd47fc00a2c39e90264f33305004495a9","hash":"3beafd1c56d2e4e4cd7cba42e44cb3cb135d6f47"}
}
