TN:
SF:src\js\getRating.js
FN:2,getRating
FNF:1
FNH:0
FNDA:0,getRating
DA:3,0
DA:4,0
DA:5,0
DA:6,0
LF:4
LH:0
BRF:0
BRH:0
end_of_record
TN:
SF:src\js\hasRussianLetter.js
FN:3,hasRussianLetter
FNF:1
FNH:1
FNDA:3,hasRussianLetter
DA:4,3
DA:5,1
DA:7,2
LF:3
LH:3
BRDA:4,0,0,1
BRDA:4,0,1,2
BRDA:4,1,0,3
BRDA:4,1,1,1
BRF:4
BRH:4
end_of_record
TN:
SF:src\js\slides.js
FN:8,getMovieSlides
FN:15,(anonymous_1)
FN:18,(anonymous_2)
FN:18,(anonymous_3)
FN:35,check
FNF:5
FNH:2
FNDA:3,getMovieSlides
FNDA:0,(anonymous_1)
FNDA:0,(anonymous_2)
FNDA:0,(anonymous_3)
FNDA:1,check
DA:5,1
DA:6,1
DA:9,3
DA:10,0
DA:11,0
DA:12,0
DA:13,0
DA:14,0
DA:15,0
DA:16,0
DA:17,0
DA:18,0
DA:19,0
DA:21,0
DA:22,0
DA:23,0
DA:25,0
DA:26,0
DA:28,0
DA:29,0
DA:32,0
DA:35,1
DA:36,1
DA:37,1
DA:39,1
DA:40,0
DA:44,1
LF:27
LH:8
BRDA:14,0,0,0
BRDA:14,0,1,0
BRDA:22,1,0,0
BRDA:22,1,1,0
BRDA:25,2,0,0
BRDA:25,2,1,0
BRDA:28,3,0,0
BRDA:28,3,1,0
BRF:8
BRH:0
end_of_record
TN:
SF:src\js\swiper.js
FNF:0
FNH:0
DA:3,1
LF:1
LH:1
BRF:0
BRH:0
end_of_record
TN:
SF:src\js\toslide.js
FN:4,(anonymous_0)
FNF:1
FNH:0
FNDA:0,(anonymous_0)
DA:4,1
DA:5,0
DA:6,0
DA:7,0
DA:8,0
DA:9,0
DA:10,0
DA:11,0
DA:12,0
DA:13,0
DA:15,0
DA:16,0
DA:17,0
DA:18,0
DA:19,0
DA:20,0
DA:21,0
DA:22,0
DA:23,0
DA:25,0
DA:26,0
DA:29,0
DA:30,0
DA:31,0
DA:34,0
DA:35,0
DA:36,0
DA:37,0
DA:38,0
DA:39,0
DA:40,0
DA:41,0
DA:42,0
DA:43,0
LF:34
LH:1
BRDA:22,0,0,0
BRDA:22,0,1,0
BRF:2
BRH:0
end_of_record
TN:
SF:src\js\variables.js
FNF:0
FNH:0
DA:1,2
DA:2,2
DA:3,2
DA:4,2
DA:5,2
DA:6,2
DA:7,2
DA:8,2
DA:9,2
LF:9
LH:9
BRF:0
BRH:0
end_of_record
